2025-12-13 22:28:32,999 | INFO | Loading https://d37ci6vzurychx.cloudfront.net/trip-data/yellow_tripdata_2011-01.parquet...
2025-12-13 22:28:48,478 | INFO | Loading https://d37ci6vzurychx.cloudfront.net/trip-data/yellow_tripdata_2011-02.parquet...
2025-12-13 22:29:07,226 | INFO | Loading https://d37ci6vzurychx.cloudfront.net/trip-data/yellow_tripdata_2012-01.parquet...
2025-12-13 22:29:23,027 | INFO | Loading https://d37ci6vzurychx.cloudfront.net/trip-data/yellow_tripdata_2012-02.parquet...
2025-12-13 22:29:39,462 | INFO | Loading https://d37ci6vzurychx.cloudfront.net/trip-data/yellow_tripdata_2013-01.parquet...
2025-12-13 22:29:57,352 | INFO | Loading https://d37ci6vzurychx.cloudfront.net/trip-data/yellow_tripdata_2013-02.parquet...
2025-12-13 22:33:08,068 | INFO | Loading https://d37ci6vzurychx.cloudfront.net/trip-data/yellow_tripdata_2011-01.parquet...
2025-12-13 22:33:24,183 | INFO | Loading https://d37ci6vzurychx.cloudfront.net/trip-data/yellow_tripdata_2011-02.parquet...
2025-12-13 22:33:40,824 | INFO | Loading https://d37ci6vzurychx.cloudfront.net/trip-data/yellow_tripdata_2012-01.parquet...
2025-12-13 22:33:56,968 | INFO | Loading https://d37ci6vzurychx.cloudfront.net/trip-data/yellow_tripdata_2012-02.parquet...
2025-12-13 22:34:13,190 | INFO | Loading https://d37ci6vzurychx.cloudfront.net/trip-data/yellow_tripdata_2013-01.parquet...
2025-12-13 22:34:31,793 | INFO | Loading https://d37ci6vzurychx.cloudfront.net/trip-data/yellow_tripdata_2013-02.parquet...
2025-12-13 22:36:49,864 | INFO | Training started
2025-12-13 22:41:00,616 | INFO | Loading https://d37ci6vzurychx.cloudfront.net/trip-data/yellow_tripdata_2011-01.parquet...
2025-12-13 22:41:16,467 | INFO | Loading https://d37ci6vzurychx.cloudfront.net/trip-data/yellow_tripdata_2011-02.parquet...
2025-12-13 22:41:33,019 | INFO | Loading https://d37ci6vzurychx.cloudfront.net/trip-data/yellow_tripdata_2012-01.parquet...
2025-12-13 22:41:48,686 | INFO | Loading https://d37ci6vzurychx.cloudfront.net/trip-data/yellow_tripdata_2012-02.parquet...
2025-12-13 22:42:04,955 | INFO | Loading https://d37ci6vzurychx.cloudfront.net/trip-data/yellow_tripdata_2013-01.parquet...
2025-12-13 22:42:22,742 | INFO | Loading https://d37ci6vzurychx.cloudfront.net/trip-data/yellow_tripdata_2013-02.parquet...
2025-12-13 22:44:39,707 | INFO | Training started
2025-12-13 22:45:42,805 | INFO | Model saved on artifacts/model.pkl.
2025-12-13 22:56:22,045 | INFO | Loading https://d37ci6vzurychx.cloudfront.net/trip-data/yellow_tripdata_2011-01.parquet...
2025-12-13 22:56:37,864 | INFO | Loading https://d37ci6vzurychx.cloudfront.net/trip-data/yellow_tripdata_2011-02.parquet...
2025-12-13 22:56:54,456 | INFO | Loading https://d37ci6vzurychx.cloudfront.net/trip-data/yellow_tripdata_2012-01.parquet...
2025-12-13 22:57:10,329 | INFO | Loading https://d37ci6vzurychx.cloudfront.net/trip-data/yellow_tripdata_2012-02.parquet...
2025-12-13 22:57:26,702 | INFO | Loading https://d37ci6vzurychx.cloudfront.net/trip-data/yellow_tripdata_2013-01.parquet...
2025-12-13 22:57:45,494 | INFO | Loading https://d37ci6vzurychx.cloudfront.net/trip-data/yellow_tripdata_2013-02.parquet...
2025-12-13 23:00:09,699 | INFO | Training started
2025-12-13 23:06:16,995 | WARNING | Retrying (Retry(total=6, connect=6, read=7, redirect=7, status=7)) after connection broken by 'NameResolutionError("<urllib3.connection.HTTPConnection object at 0x000002C650E5ED10>: Failed to resolve 'locsalhost' ([Errno 11001] getaddrinfo failed)")': /api/2.0/mlflow/experiments/get-by-name?experiment_name=dev
2025-12-13 23:06:24,589 | WARNING | Retrying (Retry(total=5, connect=5, read=7, redirect=7, status=7)) after connection broken by 'NameResolutionError("<urllib3.connection.HTTPConnection object at 0x000002C650E5EA40>: Failed to resolve 'locsalhost' ([Errno 11001] getaddrinfo failed)")': /api/2.0/mlflow/experiments/get-by-name?experiment_name=dev
2025-12-13 23:06:34,513 | WARNING | Retrying (Retry(total=6, connect=6, read=7, redirect=7, status=7)) after connection broken by 'NameResolutionError("<urllib3.connection.HTTPConnection object at 0x000002461C8874F0>: Failed to resolve 'locsalhost' ([Errno 11001] getaddrinfo failed)")': /api/2.0/mlflow/experiments/get-by-name?experiment_name=dev
2025-12-13 23:06:42,229 | WARNING | Retrying (Retry(total=5, connect=5, read=7, redirect=7, status=7)) after connection broken by 'NameResolutionError("<urllib3.connection.HTTPConnection object at 0x000002461C8B50F0>: Failed to resolve 'locsalhost' ([Errno 11001] getaddrinfo failed)")': /api/2.0/mlflow/experiments/get-by-name?experiment_name=dev
2025-12-13 23:06:53,096 | WARNING | Retrying (Retry(total=4, connect=4, read=7, redirect=7, status=7)) after connection broken by 'NameResolutionError("<urllib3.connection.HTTPConnection object at 0x000002461C8B53C0>: Failed to resolve 'locsalhost' ([Errno 11001] getaddrinfo failed)")': /api/2.0/mlflow/experiments/get-by-name?experiment_name=dev
2025-12-13 23:07:11,852 | WARNING | Retrying (Retry(total=3, connect=3, read=7, redirect=7, status=7)) after connection broken by 'NameResolutionError("<urllib3.connection.HTTPConnection object at 0x000002461C8B5D80>: Failed to resolve 'locsalhost' ([Errno 11001] getaddrinfo failed)")': /api/2.0/mlflow/experiments/get-by-name?experiment_name=dev
2025-12-13 23:07:47,294 | WARNING | Retrying (Retry(total=2, connect=2, read=7, redirect=7, status=7)) after connection broken by 'NameResolutionError("<urllib3.connection.HTTPConnection object at 0x000002461C8B5810>: Failed to resolve 'locsalhost' ([Errno 11001] getaddrinfo failed)")': /api/2.0/mlflow/experiments/get-by-name?experiment_name=dev
2025-12-13 23:08:58,695 | WARNING | Retrying (Retry(total=6, connect=6, read=7, redirect=7, status=7)) after connection broken by 'NameResolutionError("<urllib3.connection.HTTPConnection object at 0x00000195224B34F0>: Failed to resolve 'locsalhost' ([Errno 11001] getaddrinfo failed)")': /api/2.0/mlflow/experiments/get-by-name?experiment_name=dev
2025-12-13 23:09:05,733 | WARNING | Retrying (Retry(total=5, connect=5, read=7, redirect=7, status=7)) after connection broken by 'NameResolutionError("<urllib3.connection.HTTPConnection object at 0x00000195224E10F0>: Failed to resolve 'locsalhost' ([Errno 11001] getaddrinfo failed)")': /api/2.0/mlflow/experiments/get-by-name?experiment_name=dev
2025-12-13 23:09:17,426 | WARNING | Retrying (Retry(total=4, connect=4, read=7, redirect=7, status=7)) after connection broken by 'NameResolutionError("<urllib3.connection.HTTPConnection object at 0x00000195224E13C0>: Failed to resolve 'locsalhost' ([Errno 11001] getaddrinfo failed)")': /api/2.0/mlflow/experiments/get-by-name?experiment_name=dev
2025-12-13 23:09:36,853 | WARNING | Retrying (Retry(total=3, connect=3, read=7, redirect=7, status=7)) after connection broken by 'NameResolutionError("<urllib3.connection.HTTPConnection object at 0x00000195224E1D80>: Failed to resolve 'locsalhost' ([Errno 11001] getaddrinfo failed)")': /api/2.0/mlflow/experiments/get-by-name?experiment_name=dev
2025-12-13 23:10:11,687 | WARNING | Retrying (Retry(total=2, connect=2, read=7, redirect=7, status=7)) after connection broken by 'NameResolutionError("<urllib3.connection.HTTPConnection object at 0x00000195224E1810>: Failed to resolve 'locsalhost' ([Errno 11001] getaddrinfo failed)")': /api/2.0/mlflow/experiments/get-by-name?experiment_name=dev
2025-12-13 23:10:20,769 | WARNING | Retrying (Retry(total=6, connect=6, read=7, redirect=7, status=7)) after connection broken by 'NameResolutionError("<urllib3.connection.HTTPConnection object at 0x0000021A8B4574F0>: Failed to resolve 'locsalhost' ([Errno 11001] getaddrinfo failed)")': /api/2.0/mlflow/experiments/get-by-name?experiment_name=dev
2025-12-13 23:10:28,316 | WARNING | Retrying (Retry(total=5, connect=5, read=7, redirect=7, status=7)) after connection broken by 'NameResolutionError("<urllib3.connection.HTTPConnection object at 0x0000021A8B4810F0>: Failed to resolve 'locsalhost' ([Errno 11001] getaddrinfo failed)")': /api/2.0/mlflow/experiments/get-by-name?experiment_name=dev
2025-12-13 23:10:39,539 | WARNING | Retrying (Retry(total=4, connect=4, read=7, redirect=7, status=7)) after connection broken by 'NameResolutionError("<urllib3.connection.HTTPConnection object at 0x0000021A8B4813C0>: Failed to resolve 'locsalhost' ([Errno 11001] getaddrinfo failed)")': /api/2.0/mlflow/experiments/get-by-name?experiment_name=dev
2025-12-13 23:11:32,462 | WARNING | Retrying (Retry(total=6, connect=6, read=7, redirect=7, status=7)) after connection broken by 'NameResolutionError("<urllib3.connection.HTTPConnection object at 0x0000017DDD0E34F0>: Failed to resolve 'locsalhost' ([Errno 11001] getaddrinfo failed)")': /api/2.0/mlflow/experiments/get-by-name?experiment_name=dev
2025-12-13 23:11:39,602 | WARNING | Retrying (Retry(total=5, connect=5, read=7, redirect=7, status=7)) after connection broken by 'NameResolutionError("<urllib3.connection.HTTPConnection object at 0x0000017DDD1150F0>: Failed to resolve 'locsalhost' ([Errno 11001] getaddrinfo failed)")': /api/2.0/mlflow/experiments/get-by-name?experiment_name=dev
2025-12-13 23:11:50,823 | WARNING | Retrying (Retry(total=4, connect=4, read=7, redirect=7, status=7)) after connection broken by 'NameResolutionError("<urllib3.connection.HTTPConnection object at 0x0000017DDD1153C0>: Failed to resolve 'locsalhost' ([Errno 11001] getaddrinfo failed)")': /api/2.0/mlflow/experiments/get-by-name?experiment_name=dev
2025-12-13 23:12:10,018 | WARNING | Retrying (Retry(total=3, connect=3, read=7, redirect=7, status=7)) after connection broken by 'NameResolutionError("<urllib3.connection.HTTPConnection object at 0x0000017DDD115D80>: Failed to resolve 'locsalhost' ([Errno 11001] getaddrinfo failed)")': /api/2.0/mlflow/experiments/get-by-name?experiment_name=dev
2025-12-13 23:12:44,904 | WARNING | Retrying (Retry(total=2, connect=2, read=7, redirect=7, status=7)) after connection broken by 'NameResolutionError("<urllib3.connection.HTTPConnection object at 0x0000017DDD115810>: Failed to resolve 'locsalhost' ([Errno 11001] getaddrinfo failed)")': /api/2.0/mlflow/experiments/get-by-name?experiment_name=dev
2025-12-13 23:13:50,942 | INFO | Loading https://d37ci6vzurychx.cloudfront.net/trip-data/yellow_tripdata_2011-01.parquet...
2025-12-13 23:14:11,234 | INFO | Loading https://d37ci6vzurychx.cloudfront.net/trip-data/yellow_tripdata_2011-02.parquet...
2025-12-13 23:14:32,480 | INFO | Loading https://d37ci6vzurychx.cloudfront.net/trip-data/yellow_tripdata_2012-01.parquet...
2025-12-13 23:14:52,202 | INFO | Loading https://d37ci6vzurychx.cloudfront.net/trip-data/yellow_tripdata_2012-02.parquet...
2025-12-13 23:15:13,059 | INFO | Loading https://d37ci6vzurychx.cloudfront.net/trip-data/yellow_tripdata_2013-01.parquet...
2025-12-13 23:15:36,201 | INFO | Loading https://d37ci6vzurychx.cloudfront.net/trip-data/yellow_tripdata_2013-02.parquet...
2025-12-13 23:21:26,873 | INFO | Loading https://d37ci6vzurychx.cloudfront.net/trip-data/yellow_tripdata_2011-01.parquet...
2025-12-13 23:21:47,771 | INFO | Loading https://d37ci6vzurychx.cloudfront.net/trip-data/yellow_tripdata_2011-02.parquet...
2025-12-13 23:22:07,438 | INFO | Loading https://d37ci6vzurychx.cloudfront.net/trip-data/yellow_tripdata_2012-01.parquet...
2025-12-13 23:22:27,369 | INFO | Loading https://d37ci6vzurychx.cloudfront.net/trip-data/yellow_tripdata_2012-02.parquet...
2025-12-13 23:22:47,903 | INFO | Loading https://d37ci6vzurychx.cloudfront.net/trip-data/yellow_tripdata_2013-01.parquet...
2025-12-13 23:23:10,331 | INFO | Loading https://d37ci6vzurychx.cloudfront.net/trip-data/yellow_tripdata_2013-02.parquet...
2025-12-13 23:29:31,430 | INFO | Training started
2025-12-13 23:31:44,297 | INFO | Model saved on artifacts/model.pkl.
2025-12-14 21:41:58,671 | INFO | Loading https://d37ci6vzurychx.cloudfront.net/trip-data/yellow_tripdata_2011-01.parquet...
2025-12-14 21:42:24,999 | INFO | Loading https://d37ci6vzurychx.cloudfront.net/trip-data/yellow_tripdata_2011-02.parquet...
2025-12-14 21:42:56,172 | INFO | Loading https://d37ci6vzurychx.cloudfront.net/trip-data/yellow_tripdata_2011-03.parquet...
2025-12-14 21:43:32,053 | INFO | Loading https://d37ci6vzurychx.cloudfront.net/trip-data/yellow_tripdata_2011-04.parquet...
2025-12-14 21:44:00,577 | INFO | Loading https://d37ci6vzurychx.cloudfront.net/trip-data/yellow_tripdata_2012-01.parquet...
2025-12-14 21:44:25,454 | INFO | Loading https://d37ci6vzurychx.cloudfront.net/trip-data/yellow_tripdata_2012-02.parquet...
2025-12-14 21:44:57,329 | INFO | Loading https://d37ci6vzurychx.cloudfront.net/trip-data/yellow_tripdata_2012-03.parquet...
2025-12-14 21:45:50,933 | INFO | Loading https://d37ci6vzurychx.cloudfront.net/trip-data/yellow_tripdata_2012-04.parquet...
2025-12-14 21:46:46,152 | INFO | Loading https://d37ci6vzurychx.cloudfront.net/trip-data/yellow_tripdata_2013-01.parquet...
2025-12-14 21:47:20,020 | INFO | Loading https://d37ci6vzurychx.cloudfront.net/trip-data/yellow_tripdata_2013-02.parquet...
2025-12-14 21:47:53,271 | INFO | Loading https://d37ci6vzurychx.cloudfront.net/trip-data/yellow_tripdata_2013-03.parquet...
2025-12-14 21:48:29,322 | INFO | Loading https://d37ci6vzurychx.cloudfront.net/trip-data/yellow_tripdata_2013-04.parquet...
